
> steffens-showcase@0.1.0 build
> next build

   Î“Ă»â–“ Next.js 15.3.3
   - Environments: .env.local, .env

   Creating an optimized production build ...
 Î“ÂŁĂ´ Compiled successfully in 19.0s
   Skipping validation of types
   Skipping linting
   Collecting page data ...
   Generating static pages (0/24) ...
   Generating static pages (6/24) 
   Generating static pages (12/24) 
   Generating static pages (18/24) 
 Î“ÂŁĂ´ Generating static pages (24/24)
   Finalizing page optimization ...
   Collecting build traces ...

Route (app)                                 Size  First Load JS
Î“Ă¶Ă® Î“ĂąĂŻ /                                    6.02 kB         133 kB
Î“Ă¶ÂŁ Î“ĂąĂŻ /_not-found                            977 B         102 kB
Î“Ă¶ÂŁ Î“ĂąĂŻ /about                                 147 B         101 kB
Î“Ă¶ÂŁ Î“ĂąĂŻ /admin                               6.01 kB         118 kB
Î“Ă¶ÂŁ â•žĂ† /api/auth/me                           147 B         101 kB
Î“Ă¶ÂŁ â•žĂ† /api/create-payment-intent             147 B         101 kB
Î“Ă¶ÂŁ â•žĂ† /api/login                             147 B         101 kB
Î“Ă¶ÂŁ â•žĂ† /api/register                          147 B         101 kB
Î“Ă¶ÂŁ Î“ĂąĂŻ /calendar                            17.9 kB         126 kB
Î“Ă¶ÂŁ Î“ĂąĂŻ /cart                                1.69 kB         103 kB
Î“Ă¶ÂŁ Î“ĂąĂŻ /checkout                            10.1 kB         124 kB
Î“Ă¶ÂŁ Î“ĂąĂŻ /contact                             26.7 kB         135 kB
Î“Ă¶ÂŁ Î“ĂąĂŻ /custom-sign                         26.2 kB         150 kB
Î“Ă¶ÂŁ Î“ĂąĂŻ /events                                172 B         107 kB
Î“Ă¶ÂŁ Î“ĂąĂŻ /faq                                 3.59 kB         115 kB
Î“Ă¶ÂŁ Î“ĂąĂŻ /gallery                             3.54 kB         128 kB
Î“Ă¶ÂŁ Î“ĂąĂŻ /learn                               1.75 kB         113 kB
Î“Ă¶ÂŁ Î“ĂąĂŻ /login                               1.28 kB         106 kB
Î“Ă¶ÂŁ Î“ĂąĂŻ /products                            7.68 kB         132 kB
Î“Ă¶ÂŁ Î“ĂąĂŻ /projects                            1.94 kB         116 kB
Î“Ă¶Ă¶ Î“ĂąĂŻ /register                            1.38 kB         106 kB
+ First Load JS shared by all             101 kB
  Î“Ă¶ÂŁ chunks/4bd1b696-4419cc93057fcf32.js  53.2 kB
  Î“Ă¶ÂŁ chunks/684-7002d2f60d48787d.js       45.9 kB
  Î“Ă¶Ă¶ other shared chunks (total)          1.99 kB


Î“ĂąĂŻ  (Static)   prerendered as static content
â•žĂ†  (Dynamic)  server-rendered on demand

